{"/Users/akshit/Documents/github/advisor-panel/app/configureStore.js": {"path":"/Users/akshit/Documents/github/advisor-panel/app/configureStore.js","statementMap":{"0":{"start":{"line":11,"column":25},"end":{"line":11,"column":32}},"1":{"start":{"line":12,"column":34},"end":{"line":12,"column":36}},"2":{"start":{"line":30,"column":25},"end":{"line":30,"column":70}},"3":{"start":{"line":35,"column":22},"end":{"line":35,"column":65}},"4":{"start":{"line":37,"column":20},"end":{"line":37,"column":53}},"5":{"start":{"line":39,"column":16},"end":{"line":43,"column":3}},"6":{"start":{"line":46,"column":2},"end":{"line":46,"column":37}},"7":{"start":{"line":47,"column":2},"end":{"line":47,"column":30}},"8":{"start":{"line":48,"column":2},"end":{"line":48,"column":27}},"9":{"start":{"line":58,"column":2},"end":{"line":58,"column":15}}},"fnMap":{"0":{"name":"configureStore","decl":{"start":{"line":10,"column":24},"end":{"line":10,"column":38}},"loc":{"start":{"line":10,"column":67},"end":{"line":59,"column":1}},"line":10}},"branchMap":{"0":{"loc":{"start":{"line":10,"column":39},"end":{"line":10,"column":56}},"type":"default-arg","locations":[{"start":{"line":10,"column":54},"end":{"line":10,"column":56}}],"line":10}},"s":{"0":0,"1":0,"2":0,"3":0,"4":0,"5":0,"6":0,"7":0,"8":0,"9":0},"f":{"0":0},"b":{"0":[0]}}
,"/Users/akshit/Documents/github/advisor-panel/app/i18n.js": {"path":"/Users/akshit/Documents/github/advisor-panel/app/i18n.js","statementMap":{"0":{"start":{"line":10,"column":22},"end":{"line":10,"column":57}},"1":{"start":{"line":11,"column":21},"end":{"line":11,"column":57}},"2":{"start":{"line":13,"column":30},"end":{"line":13,"column":63}},"3":{"start":{"line":15,"column":0},"end":{"line":15,"column":28}},"4":{"start":{"line":17,"column":23},"end":{"line":17,"column":27}},"5":{"start":{"line":20,"column":19},"end":{"line":22,"column":1}},"6":{"start":{"line":24,"column":34},"end":{"line":37,"column":1}},"7":{"start":{"line":26,"column":4},"end":{"line":28,"column":10}},"8":{"start":{"line":29,"column":35},"end":{"line":35,"column":3}},"9":{"start":{"line":31,"column":6},"end":{"line":33,"column":23}},"10":{"start":{"line":34,"column":4},"end":{"line":34,"column":73}},"11":{"start":{"line":36,"column":2},"end":{"line":36,"column":68}},"12":{"start":{"line":39,"column":28},"end":{"line":41,"column":1}},"13":{"start":{"line":43,"column":0},"end":{"line":43,"column":32}},"14":{"start":{"line":44,"column":0},"end":{"line":44,"column":62}},"15":{"start":{"line":45,"column":0},"end":{"line":45,"column":50}},"16":{"start":{"line":46,"column":0},"end":{"line":46,"column":40}}},"fnMap":{"0":{"name":"(anonymous_0)","decl":{"start":{"line":24,"column":34},"end":{"line":24,"column":35}},"loc":{"start":{"line":24,"column":56},"end":{"line":37,"column":1}},"line":24},"1":{"name":"(anonymous_1)","decl":{"start":{"line":29,"column":35},"end":{"line":29,"column":36}},"loc":{"start":{"line":29,"column":63},"end":{"line":35,"column":3}},"line":29}},"branchMap":{"0":{"loc":{"start":{"line":26,"column":4},"end":{"line":28,"column":10}},"type":"cond-expr","locations":[{"start":{"line":27,"column":8},"end":{"line":27,"column":72}},{"start":{"line":28,"column":8},"end":{"line":28,"column":10}}],"line":26},"1":{"loc":{"start":{"line":31,"column":6},"end":{"line":33,"column":23}},"type":"cond-expr","locations":[{"start":{"line":32,"column":10},"end":{"line":32,"column":39}},{"start":{"line":33,"column":10},"end":{"line":33,"column":23}}],"line":31},"2":{"loc":{"start":{"line":31,"column":6},"end":{"line":31,"column":49}},"type":"binary-expr","locations":[{"start":{"line":31,"column":6},"end":{"line":31,"column":20}},{"start":{"line":31,"column":24},"end":{"line":31,"column":49}}],"line":31}},"s":{"0":0,"1":0,"2":0,"3":0,"4":0,"5":0,"6":0,"7":0,"8":0,"9":0,"10":0,"11":0,"12":0,"13":0,"14":0,"15":0,"16":0},"f":{"0":0,"1":0},"b":{"0":[0,0],"1":[0,0],"2":[0,0]}}
,"/Users/akshit/Documents/github/advisor-panel/app/reducers.js": {"path":"/Users/akshit/Documents/github/advisor-panel/app/reducers.js","statementMap":{"0":{"start":{"line":15,"column":22},"end":{"line":19,"column":4}},"1":{"start":{"line":21,"column":2},"end":{"line":21,"column":21}}},"fnMap":{"0":{"name":"createReducer","decl":{"start":{"line":14,"column":24},"end":{"line":14,"column":37}},"loc":{"start":{"line":14,"column":61},"end":{"line":22,"column":1}},"line":14}},"branchMap":{"0":{"loc":{"start":{"line":14,"column":38},"end":{"line":14,"column":59}},"type":"default-arg","locations":[{"start":{"line":14,"column":57},"end":{"line":14,"column":59}}],"line":14}},"s":{"0":0,"1":0},"f":{"0":0},"b":{"0":[0]}}
,"/Users/akshit/Documents/github/advisor-panel/app/components/atoms/index.js": {"path":"/Users/akshit/Documents/github/advisor-panel/app/components/atoms/index.js","statementMap":{},"fnMap":{},"branchMap":{},"s":{},"f":{},"b":{}}
,"/Users/akshit/Documents/github/advisor-panel/app/components/atoms/Heading/Heading.jsx": {"path":"/Users/akshit/Documents/github/advisor-panel/app/components/atoms/Heading/Heading.jsx","statementMap":{"0":{"start":{"line":5,"column":16},"end":{"line":26,"column":1}},"1":{"start":{"line":7,"column":28},"end":{"line":7,"column":43}},"2":{"start":{"line":8,"column":21},"end":{"line":8,"column":38}},"3":{"start":{"line":9,"column":16},"end":{"line":9,"column":52}},"4":{"start":{"line":10,"column":2},"end":{"line":25,"column":3}},"5":{"start":{"line":12,"column":6},"end":{"line":12,"column":59}},"6":{"start":{"line":14,"column":6},"end":{"line":14,"column":59}},"7":{"start":{"line":16,"column":6},"end":{"line":16,"column":59}},"8":{"start":{"line":18,"column":6},"end":{"line":18,"column":59}},"9":{"start":{"line":20,"column":6},"end":{"line":20,"column":59}},"10":{"start":{"line":22,"column":6},"end":{"line":22,"column":59}},"11":{"start":{"line":24,"column":6},"end":{"line":24,"column":18}},"12":{"start":{"line":28,"column":0},"end":{"line":33,"column":2}}},"fnMap":{"0":{"name":"(anonymous_0)","decl":{"start":{"line":5,"column":16},"end":{"line":5,"column":17}},"loc":{"start":{"line":5,"column":59},"end":{"line":26,"column":1}},"line":5}},"branchMap":{"0":{"loc":{"start":{"line":7,"column":28},"end":{"line":7,"column":43}},"type":"binary-expr","locations":[{"start":{"line":7,"column":28},"end":{"line":7,"column":37}},{"start":{"line":7,"column":41},"end":{"line":7,"column":43}}],"line":7},"1":{"loc":{"start":{"line":8,"column":21},"end":{"line":8,"column":38}},"type":"binary-expr","locations":[{"start":{"line":8,"column":21},"end":{"line":8,"column":27}},{"start":{"line":8,"column":31},"end":{"line":8,"column":38}}],"line":8},"2":{"loc":{"start":{"line":10,"column":2},"end":{"line":25,"column":3}},"type":"switch","locations":[{"start":{"line":11,"column":4},"end":{"line":12,"column":59}},{"start":{"line":13,"column":4},"end":{"line":14,"column":59}},{"start":{"line":15,"column":4},"end":{"line":16,"column":59}},{"start":{"line":17,"column":4},"end":{"line":18,"column":59}},{"start":{"line":19,"column":4},"end":{"line":20,"column":59}},{"start":{"line":21,"column":4},"end":{"line":22,"column":59}},{"start":{"line":23,"column":4},"end":{"line":24,"column":18}}],"line":10}},"s":{"0":0,"1":0,"2":0,"3":0,"4":0,"5":0,"6":0,"7":0,"8":0,"9":0,"10":0,"11":0,"12":0},"f":{"0":0},"b":{"0":[0,0],"1":[0,0],"2":[0,0,0,0,0,0,0]}}
,"/Users/akshit/Documents/github/advisor-panel/app/components/atoms/Heading/index.js": {"path":"/Users/akshit/Documents/github/advisor-panel/app/components/atoms/Heading/index.js","statementMap":{},"fnMap":{},"branchMap":{},"s":{},"f":{},"b":{}}
,"/Users/akshit/Documents/github/advisor-panel/app/components/atoms/Paragraph/Paragraph.jsx": {"path":"/Users/akshit/Documents/github/advisor-panel/app/components/atoms/Paragraph/Paragraph.jsx","statementMap":{"0":{"start":{"line":6,"column":2},"end":{"line":6,"column":49}},"1":{"start":{"line":9,"column":0},"end":{"line":11,"column":2}}},"fnMap":{"0":{"name":"Paragraph","decl":{"start":{"line":5,"column":24},"end":{"line":5,"column":33}},"loc":{"start":{"line":5,"column":48},"end":{"line":7,"column":1}},"line":5}},"branchMap":{},"s":{"0":0,"1":0},"f":{"0":0},"b":{}}
,"/Users/akshit/Documents/github/advisor-panel/app/components/atoms/Paragraph/index.js": {"path":"/Users/akshit/Documents/github/advisor-panel/app/components/atoms/Paragraph/index.js","statementMap":{},"fnMap":{},"branchMap":{},"s":{},"f":{},"b":{}}
,"/Users/akshit/Documents/github/advisor-panel/app/components/atoms/baselink/baselink.jsx": {"path":"/Users/akshit/Documents/github/advisor-panel/app/components/atoms/baselink/baselink.jsx","statementMap":{"0":{"start":{"line":5,"column":17},"end":{"line":30,"column":1}},"1":{"start":{"line":6,"column":22},"end":{"line":6,"column":44}},"2":{"start":{"line":7,"column":19},"end":{"line":7,"column":45}},"3":{"start":{"line":8,"column":18},"end":{"line":8,"column":30}},"4":{"start":{"line":9,"column":28},"end":{"line":9,"column":43}},"5":{"start":{"line":10,"column":17},"end":{"line":28,"column":3}},"6":{"start":{"line":29,"column":2},"end":{"line":29,"column":16}}},"fnMap":{"0":{"name":"(anonymous_0)","decl":{"start":{"line":5,"column":17},"end":{"line":5,"column":18}},"loc":{"start":{"line":5,"column":70},"end":{"line":30,"column":1}},"line":5}},"branchMap":{"0":{"loc":{"start":{"line":6,"column":22},"end":{"line":6,"column":44}},"type":"cond-expr","locations":[{"start":{"line":6,"column":31},"end":{"line":6,"column":39}},{"start":{"line":6,"column":42},"end":{"line":6,"column":44}}],"line":6},"1":{"loc":{"start":{"line":7,"column":19},"end":{"line":7,"column":45}},"type":"cond-expr","locations":[{"start":{"line":7,"column":28},"end":{"line":7,"column":40}},{"start":{"line":7,"column":43},"end":{"line":7,"column":45}}],"line":7},"2":{"loc":{"start":{"line":8,"column":18},"end":{"line":8,"column":30}},"type":"binary-expr","locations":[{"start":{"line":8,"column":18},"end":{"line":8,"column":22}},{"start":{"line":8,"column":26},"end":{"line":8,"column":30}}],"line":8},"3":{"loc":{"start":{"line":9,"column":28},"end":{"line":9,"column":43}},"type":"binary-expr","locations":[{"start":{"line":9,"column":28},"end":{"line":9,"column":37}},{"start":{"line":9,"column":41},"end":{"line":9,"column":43}}],"line":9},"4":{"loc":{"start":{"line":10,"column":17},"end":{"line":28,"column":3}},"type":"cond-expr","locations":[{"start":{"line":11,"column":4},"end":{"line":17,"column":11}},{"start":{"line":19,"column":4},"end":{"line":27,"column":8}}],"line":10}},"s":{"0":1,"1":4,"2":4,"3":4,"4":4,"5":4,"6":4},"f":{"0":4},"b":{"0":[1,3],"1":[1,3],"2":[4,3],"3":[4,2],"4":[0,4]},"_coverageSchema":"43e27e138ebf9cfc5966b082cf9a028302ed4184","hash":"8b2b11c29a4975f3020368a2cb511bae152500f5"}
,"/Users/akshit/Documents/github/advisor-panel/app/components/atoms/baselink/index.js": {"path":"/Users/akshit/Documents/github/advisor-panel/app/components/atoms/baselink/index.js","statementMap":{},"fnMap":{},"branchMap":{},"s":{},"f":{},"b":{},"_coverageSchema":"43e27e138ebf9cfc5966b082cf9a028302ed4184","hash":"61be91bbc46f19ce782fea22cc4fb543c2b8740a"}
,"/Users/akshit/Documents/github/advisor-panel/app/components/molecules/index.js": {"path":"/Users/akshit/Documents/github/advisor-panel/app/components/molecules/index.js","statementMap":{},"fnMap":{},"branchMap":{},"s":{},"f":{},"b":{}}
,"/Users/akshit/Documents/github/advisor-panel/app/components/molecules/Button/Button.jsx": {"path":"/Users/akshit/Documents/github/advisor-panel/app/components/molecules/Button/Button.jsx","statementMap":{"0":{"start":{"line":9,"column":16},"end":{"line":80,"column":1}},"1":{"start":{"line":23,"column":23},"end":{"line":23,"column":45}},"2":{"start":{"line":25,"column":4},"end":{"line":25,"column":69}},"3":{"start":{"line":26,"column":20},"end":{"line":40,"column":4}},"4":{"start":{"line":43,"column":18},"end":{"line":43,"column":29}},"5":{"start":{"line":45,"column":4},"end":{"line":50,"column":50}},"6":{"start":{"line":52,"column":15},"end":{"line":78,"column":3}},"7":{"start":{"line":79,"column":2},"end":{"line":79,"column":14}}},"fnMap":{"0":{"name":"(anonymous_0)","decl":{"start":{"line":9,"column":16},"end":{"line":9,"column":17}},"loc":{"start":{"line":22,"column":6},"end":{"line":80,"column":1}},"line":22}},"branchMap":{"0":{"loc":{"start":{"line":25,"column":4},"end":{"line":25,"column":69}},"type":"cond-expr","locations":[{"start":{"line":25,"column":58},"end":{"line":25,"column":64}},{"start":{"line":25,"column":67},"end":{"line":25,"column":69}}],"line":25},"1":{"loc":{"start":{"line":25,"column":4},"end":{"line":25,"column":55}},"type":"binary-expr","locations":[{"start":{"line":25,"column":4},"end":{"line":25,"column":18}},{"start":{"line":25,"column":22},"end":{"line":25,"column":35}},{"start":{"line":25,"column":39},"end":{"line":25,"column":55}}],"line":25},"2":{"loc":{"start":{"line":30,"column":23},"end":{"line":30,"column":41}},"type":"binary-expr","locations":[{"start":{"line":30,"column":23},"end":{"line":30,"column":25}},{"start":{"line":30,"column":29},"end":{"line":30,"column":41}}],"line":30},"3":{"loc":{"start":{"line":31,"column":24},"end":{"line":31,"column":42}},"type":"binary-expr","locations":[{"start":{"line":31,"column":24},"end":{"line":31,"column":26}},{"start":{"line":31,"column":30},"end":{"line":31,"column":42}}],"line":31},"4":{"loc":{"start":{"line":33,"column":20},"end":{"line":33,"column":39}},"type":"binary-expr","locations":[{"start":{"line":33,"column":20},"end":{"line":33,"column":26}},{"start":{"line":33,"column":30},"end":{"line":33,"column":39}}],"line":33},"5":{"loc":{"start":{"line":35,"column":22},"end":{"line":35,"column":48}},"type":"binary-expr","locations":[{"start":{"line":35,"column":22},"end":{"line":35,"column":32}},{"start":{"line":35,"column":36},"end":{"line":35,"column":48}}],"line":35},"6":{"loc":{"start":{"line":45,"column":4},"end":{"line":50,"column":50}},"type":"binary-expr","locations":[{"start":{"line":45,"column":4},"end":{"line":47,"column":50}},{"start":{"line":48,"column":4},"end":{"line":50,"column":50}}],"line":45},"7":{"loc":{"start":{"line":45,"column":40},"end":{"line":45,"column":61}},"type":"cond-expr","locations":[{"start":{"line":45,"column":47},"end":{"line":45,"column":56}},{"start":{"line":45,"column":59},"end":{"line":45,"column":61}}],"line":45},"8":{"loc":{"start":{"line":46,"column":6},"end":{"line":46,"column":46}},"type":"cond-expr","locations":[{"start":{"line":46,"column":24},"end":{"line":46,"column":41}},{"start":{"line":46,"column":44},"end":{"line":46,"column":46}}],"line":46},"9":{"loc":{"start":{"line":47,"column":8},"end":{"line":47,"column":32}},"type":"cond-expr","locations":[{"start":{"line":47,"column":18},"end":{"line":47,"column":27}},{"start":{"line":47,"column":30},"end":{"line":47,"column":32}}],"line":47},"10":{"loc":{"start":{"line":48,"column":27},"end":{"line":48,"column":48}},"type":"cond-expr","locations":[{"start":{"line":48,"column":34},"end":{"line":48,"column":43}},{"start":{"line":48,"column":46},"end":{"line":48,"column":48}}],"line":48},"11":{"loc":{"start":{"line":49,"column":6},"end":{"line":49,"column":46}},"type":"cond-expr","locations":[{"start":{"line":49,"column":24},"end":{"line":49,"column":41}},{"start":{"line":49,"column":44},"end":{"line":49,"column":46}}],"line":49},"12":{"loc":{"start":{"line":50,"column":8},"end":{"line":50,"column":32}},"type":"cond-expr","locations":[{"start":{"line":50,"column":18},"end":{"line":50,"column":27}},{"start":{"line":50,"column":30},"end":{"line":50,"column":32}}],"line":50},"13":{"loc":{"start":{"line":52,"column":15},"end":{"line":78,"column":3}},"type":"cond-expr","locations":[{"start":{"line":53,"column":4},"end":{"line":64,"column":15}},{"start":{"line":66,"column":4},"end":{"line":77,"column":15}}],"line":52},"14":{"loc":{"start":{"line":55,"column":20},"end":{"line":55,"column":49}},"type":"cond-expr","locations":[{"start":{"line":55,"column":29},"end":{"line":55,"column":40}},{"start":{"line":55,"column":43},"end":{"line":55,"column":49}}],"line":55},"15":{"loc":{"start":{"line":68,"column":20},"end":{"line":68,"column":49}},"type":"cond-expr","locations":[{"start":{"line":68,"column":29},"end":{"line":68,"column":40}},{"start":{"line":68,"column":43},"end":{"line":68,"column":49}}],"line":68}},"s":{"0":0,"1":0,"2":0,"3":0,"4":0,"5":0,"6":0,"7":0},"f":{"0":0},"b":{"0":[0,0],"1":[0,0,0],"2":[0,0],"3":[0,0],"4":[0,0],"5":[0,0],"6":[0,0],"7":[0,0],"8":[0,0],"9":[0,0],"10":[0,0],"11":[0,0],"12":[0,0],"13":[0,0],"14":[0,0],"15":[0,0]}}
,"/Users/akshit/Documents/github/advisor-panel/app/components/molecules/Button/index.js": {"path":"/Users/akshit/Documents/github/advisor-panel/app/components/molecules/Button/index.js","statementMap":{},"fnMap":{},"branchMap":{},"s":{},"f":{},"b":{}}
,"/Users/akshit/Documents/github/advisor-panel/app/containers/App/constants.js": {"path":"/Users/akshit/Documents/github/advisor-panel/app/containers/App/constants.js","statementMap":{},"fnMap":{},"branchMap":{},"s":{},"f":{},"b":{}}
,"/Users/akshit/Documents/github/advisor-panel/app/containers/App/index.js": {"path":"/Users/akshit/Documents/github/advisor-panel/app/containers/App/index.js","statementMap":{"0":{"start":{"line":19,"column":2},"end":{"line":27,"column":4}}},"fnMap":{"0":{"name":"App","decl":{"start":{"line":18,"column":24},"end":{"line":18,"column":27}},"loc":{"start":{"line":18,"column":30},"end":{"line":28,"column":1}},"line":18}},"branchMap":{},"s":{"0":0},"f":{"0":0},"b":{}}
,"/Users/akshit/Documents/github/advisor-panel/app/containers/App/selectors.js": {"path":"/Users/akshit/Documents/github/advisor-panel/app/containers/App/selectors.js","statementMap":{"0":{"start":{"line":3,"column":21},"end":{"line":3,"column":42}},"1":{"start":{"line":3,"column":30},"end":{"line":3,"column":42}},"2":{"start":{"line":5,"column":27},"end":{"line":9,"column":3}},"3":{"start":{"line":6,"column":2},"end":{"line":9,"column":3}},"4":{"start":{"line":8,"column":19},"end":{"line":8,"column":39}}},"fnMap":{"0":{"name":"(anonymous_0)","decl":{"start":{"line":3,"column":21},"end":{"line":3,"column":22}},"loc":{"start":{"line":3,"column":30},"end":{"line":3,"column":42}},"line":3},"1":{"name":"(anonymous_1)","decl":{"start":{"line":5,"column":27},"end":{"line":5,"column":28}},"loc":{"start":{"line":6,"column":2},"end":{"line":9,"column":3}},"line":6},"2":{"name":"(anonymous_2)","decl":{"start":{"line":8,"column":4},"end":{"line":8,"column":5}},"loc":{"start":{"line":8,"column":19},"end":{"line":8,"column":39}},"line":8}},"branchMap":{},"s":{"0":0,"1":0,"2":0,"3":0,"4":0},"f":{"0":0,"1":0,"2":0},"b":{}}
,"/Users/akshit/Documents/github/advisor-panel/app/containers/HomePage/index.js": {"path":"/Users/akshit/Documents/github/advisor-panel/app/containers/HomePage/index.js","statementMap":{"0":{"start":{"line":17,"column":28},"end":{"line":17,"column":39}},"1":{"start":{"line":18,"column":16},"end":{"line":20,"column":3}},"2":{"start":{"line":19,"column":4},"end":{"line":19,"column":24}},"3":{"start":{"line":21,"column":2},"end":{"line":104,"column":4}}},"fnMap":{"0":{"name":"HomePage","decl":{"start":{"line":16,"column":24},"end":{"line":16,"column":32}},"loc":{"start":{"line":16,"column":35},"end":{"line":105,"column":1}},"line":16},"1":{"name":"(anonymous_1)","decl":{"start":{"line":18,"column":16},"end":{"line":18,"column":17}},"loc":{"start":{"line":18,"column":22},"end":{"line":20,"column":3}},"line":18}},"branchMap":{},"s":{"0":0,"1":0,"2":0,"3":0},"f":{"0":0,"1":0},"b":{}}
,"/Users/akshit/Documents/github/advisor-panel/app/containers/HomePage/messages.js": {"path":"/Users/akshit/Documents/github/advisor-panel/app/containers/HomePage/messages.js","statementMap":{"0":{"start":{"line":8,"column":21},"end":{"line":8,"column":46}}},"fnMap":{},"branchMap":{},"s":{"0":0},"f":{},"b":{}}
,"/Users/akshit/Documents/github/advisor-panel/app/containers/LanguageProvider/actions.js": {"path":"/Users/akshit/Documents/github/advisor-panel/app/containers/LanguageProvider/actions.js","statementMap":{"0":{"start":{"line":10,"column":2},"end":{"line":13,"column":4}}},"fnMap":{"0":{"name":"changeLocale","decl":{"start":{"line":9,"column":16},"end":{"line":9,"column":28}},"loc":{"start":{"line":9,"column":45},"end":{"line":14,"column":1}},"line":9}},"branchMap":{},"s":{"0":0},"f":{"0":0},"b":{}}
,"/Users/akshit/Documents/github/advisor-panel/app/containers/LanguageProvider/constants.js": {"path":"/Users/akshit/Documents/github/advisor-panel/app/containers/LanguageProvider/constants.js","statementMap":{"0":{"start":{"line":7,"column":29},"end":{"line":7,"column":63}}},"fnMap":{},"branchMap":{},"s":{"0":0},"f":{},"b":{}}
,"/Users/akshit/Documents/github/advisor-panel/app/containers/LanguageProvider/index.js": {"path":"/Users/akshit/Documents/github/advisor-panel/app/containers/LanguageProvider/index.js","statementMap":{"0":{"start":{"line":18,"column":2},"end":{"line":26,"column":4}},"1":{"start":{"line":29,"column":0},"end":{"line":33,"column":2}},"2":{"start":{"line":35,"column":24},"end":{"line":40,"column":1}},"3":{"start":{"line":37,"column":13},"end":{"line":39,"column":3}},"4":{"start":{"line":43,"column":2},"end":{"line":45,"column":4}}},"fnMap":{"0":{"name":"LanguageProvider","decl":{"start":{"line":17,"column":16},"end":{"line":17,"column":32}},"loc":{"start":{"line":17,"column":40},"end":{"line":27,"column":1}},"line":17},"1":{"name":"(anonymous_1)","decl":{"start":{"line":37,"column":2},"end":{"line":37,"column":3}},"loc":{"start":{"line":37,"column":13},"end":{"line":39,"column":3}},"line":37},"2":{"name":"mapDispatchToProps","decl":{"start":{"line":42,"column":9},"end":{"line":42,"column":27}},"loc":{"start":{"line":42,"column":38},"end":{"line":46,"column":1}},"line":42}},"branchMap":{},"s":{"0":0,"1":0,"2":0,"3":0,"4":0},"f":{"0":0,"1":0,"2":0},"b":{}}
,"/Users/akshit/Documents/github/advisor-panel/app/containers/LanguageProvider/reducer.js": {"path":"/Users/akshit/Documents/github/advisor-panel/app/containers/LanguageProvider/reducer.js","statementMap":{"0":{"start":{"line":11,"column":28},"end":{"line":13,"column":1}},"1":{"start":{"line":16,"column":32},"end":{"line":23,"column":4}},"2":{"start":{"line":17,"column":2},"end":{"line":23,"column":4}},"3":{"start":{"line":18,"column":4},"end":{"line":22,"column":5}},"4":{"start":{"line":20,"column":8},"end":{"line":20,"column":37}},"5":{"start":{"line":21,"column":8},"end":{"line":21,"column":14}}},"fnMap":{"0":{"name":"(anonymous_0)","decl":{"start":{"line":16,"column":32},"end":{"line":16,"column":33}},"loc":{"start":{"line":17,"column":2},"end":{"line":23,"column":4}},"line":17},"1":{"name":"(anonymous_1)","decl":{"start":{"line":17,"column":17},"end":{"line":17,"column":18}},"loc":{"start":{"line":17,"column":26},"end":{"line":23,"column":3}},"line":17}},"branchMap":{"0":{"loc":{"start":{"line":16,"column":33},"end":{"line":16,"column":53}},"type":"default-arg","locations":[{"start":{"line":16,"column":41},"end":{"line":16,"column":53}}],"line":16},"1":{"loc":{"start":{"line":18,"column":4},"end":{"line":22,"column":5}},"type":"switch","locations":[{"start":{"line":19,"column":6},"end":{"line":21,"column":14}}],"line":18}},"s":{"0":0,"1":0,"2":0,"3":0,"4":0,"5":0},"f":{"0":0,"1":0},"b":{"0":[0],"1":[0]}}
,"/Users/akshit/Documents/github/advisor-panel/app/containers/LanguageProvider/selectors.js": {"path":"/Users/akshit/Documents/github/advisor-panel/app/containers/LanguageProvider/selectors.js","statementMap":{"0":{"start":{"line":7,"column":23},"end":{"line":7,"column":62}},"1":{"start":{"line":7,"column":32},"end":{"line":7,"column":62}},"2":{"start":{"line":13,"column":25},"end":{"line":17,"column":3}},"3":{"start":{"line":14,"column":2},"end":{"line":17,"column":3}},"4":{"start":{"line":16,"column":21},"end":{"line":16,"column":41}}},"fnMap":{"0":{"name":"(anonymous_0)","decl":{"start":{"line":7,"column":23},"end":{"line":7,"column":24}},"loc":{"start":{"line":7,"column":32},"end":{"line":7,"column":62}},"line":7},"1":{"name":"(anonymous_1)","decl":{"start":{"line":13,"column":25},"end":{"line":13,"column":26}},"loc":{"start":{"line":14,"column":2},"end":{"line":17,"column":3}},"line":14},"2":{"name":"(anonymous_2)","decl":{"start":{"line":16,"column":4},"end":{"line":16,"column":5}},"loc":{"start":{"line":16,"column":21},"end":{"line":16,"column":41}},"line":16}},"branchMap":{"0":{"loc":{"start":{"line":7,"column":32},"end":{"line":7,"column":62}},"type":"binary-expr","locations":[{"start":{"line":7,"column":32},"end":{"line":7,"column":46}},{"start":{"line":7,"column":50},"end":{"line":7,"column":62}}],"line":7}},"s":{"0":0,"1":0,"2":0,"3":0,"4":0},"f":{"0":0,"1":0,"2":0},"b":{"0":[0,0]}}
,"/Users/akshit/Documents/github/advisor-panel/app/containers/NotFoundPage/index.js": {"path":"/Users/akshit/Documents/github/advisor-panel/app/containers/NotFoundPage/index.js","statementMap":{"0":{"start":{"line":14,"column":2},"end":{"line":18,"column":4}}},"fnMap":{"0":{"name":"NotFound","decl":{"start":{"line":13,"column":24},"end":{"line":13,"column":32}},"loc":{"start":{"line":13,"column":35},"end":{"line":19,"column":1}},"line":13}},"branchMap":{},"s":{"0":0},"f":{"0":0},"b":{}}
,"/Users/akshit/Documents/github/advisor-panel/app/containers/NotFoundPage/messages.js": {"path":"/Users/akshit/Documents/github/advisor-panel/app/containers/NotFoundPage/messages.js","statementMap":{"0":{"start":{"line":8,"column":21},"end":{"line":8,"column":50}}},"fnMap":{},"branchMap":{},"s":{"0":0},"f":{},"b":{}}
,"/Users/akshit/Documents/github/advisor-panel/app/utils/checkStore.js": {"path":"/Users/akshit/Documents/github/advisor-panel/app/utils/checkStore.js","statementMap":{"0":{"start":{"line":8,"column":16},"end":{"line":16,"column":3}},"1":{"start":{"line":17,"column":2},"end":{"line":20,"column":4}}},"fnMap":{"0":{"name":"checkStore","decl":{"start":{"line":7,"column":24},"end":{"line":7,"column":34}},"loc":{"start":{"line":7,"column":42},"end":{"line":21,"column":1}},"line":7}},"branchMap":{},"s":{"0":0,"1":0},"f":{"0":0},"b":{}}
,"/Users/akshit/Documents/github/advisor-panel/app/utils/constants.js": {"path":"/Users/akshit/Documents/github/advisor-panel/app/utils/constants.js","statementMap":{"0":{"start":{"line":1,"column":34},"end":{"line":1,"column":70}},"1":{"start":{"line":2,"column":22},"end":{"line":2,"column":46}},"2":{"start":{"line":3,"column":33},"end":{"line":3,"column":68}}},"fnMap":{},"branchMap":{},"s":{"0":0,"1":0,"2":0},"f":{},"b":{}}
,"/Users/akshit/Documents/github/advisor-panel/app/utils/history.js": {"path":"/Users/akshit/Documents/github/advisor-panel/app/utils/history.js","statementMap":{"0":{"start":{"line":2,"column":16},"end":{"line":2,"column":38}}},"fnMap":{},"branchMap":{},"s":{"0":0},"f":{},"b":{}}
,"/Users/akshit/Documents/github/advisor-panel/app/utils/injectReducer.js": {"path":"/Users/akshit/Documents/github/advisor-panel/app/utils/injectReducer.js","statementMap":{"0":{"start":{"line":14,"column":37},"end":{"line":36,"column":1}},"1":{"start":{"line":25,"column":6},"end":{"line":25,"column":28}},"2":{"start":{"line":27,"column":6},"end":{"line":27,"column":62}},"3":{"start":{"line":31,"column":6},"end":{"line":31,"column":50}},"4":{"start":{"line":35,"column":2},"end":{"line":35,"column":65}},"5":{"start":{"line":38,"column":25},"end":{"line":43,"column":1}},"6":{"start":{"line":39,"column":18},"end":{"line":39,"column":53}},"7":{"start":{"line":40,"column":2},"end":{"line":42,"column":9}},"8":{"start":{"line":41,"column":4},"end":{"line":41,"column":60}}},"fnMap":{"0":{"name":"(anonymous_0)","decl":{"start":{"line":14,"column":15},"end":{"line":14,"column":16}},"loc":{"start":{"line":14,"column":37},"end":{"line":36,"column":1}},"line":14},"1":{"name":"(anonymous_1)","decl":{"start":{"line":14,"column":37},"end":{"line":14,"column":38}},"loc":{"start":{"line":14,"column":57},"end":{"line":36,"column":1}},"line":14},"2":{"name":"(anonymous_2)","decl":{"start":{"line":24,"column":4},"end":{"line":24,"column":5}},"loc":{"start":{"line":24,"column":32},"end":{"line":28,"column":5}},"line":24},"3":{"name":"(anonymous_3)","decl":{"start":{"line":30,"column":4},"end":{"line":30,"column":5}},"loc":{"start":{"line":30,"column":13},"end":{"line":32,"column":5}},"line":30},"4":{"name":"(anonymous_4)","decl":{"start":{"line":38,"column":25},"end":{"line":38,"column":26}},"loc":{"start":{"line":38,"column":47},"end":{"line":43,"column":1}},"line":38},"5":{"name":"(anonymous_5)","decl":{"start":{"line":40,"column":18},"end":{"line":40,"column":19}},"loc":{"start":{"line":40,"column":24},"end":{"line":42,"column":3}},"line":40}},"branchMap":{"0":{"loc":{"start":{"line":20,"column":40},"end":{"line":22,"column":17}},"type":"binary-expr","locations":[{"start":{"line":20,"column":40},"end":{"line":20,"column":68}},{"start":{"line":21,"column":6},"end":{"line":21,"column":27}},{"start":{"line":22,"column":6},"end":{"line":22,"column":17}}],"line":20}},"s":{"0":0,"1":0,"2":0,"3":0,"4":0,"5":0,"6":0,"7":0,"8":0},"f":{"0":0,"1":0,"2":0,"3":0,"4":0,"5":0},"b":{"0":[0,0,0]}}
,"/Users/akshit/Documents/github/advisor-panel/app/utils/injectSaga.js": {"path":"/Users/akshit/Documents/github/advisor-panel/app/utils/injectSaga.js","statementMap":{"0":{"start":{"line":19,"column":40},"end":{"line":47,"column":1}},"1":{"start":{"line":30,"column":6},"end":{"line":30,"column":28}},"2":{"start":{"line":32,"column":6},"end":{"line":32,"column":51}},"3":{"start":{"line":34,"column":6},"end":{"line":34,"column":65}},"4":{"start":{"line":38,"column":6},"end":{"line":38,"column":36}},"5":{"start":{"line":42,"column":6},"end":{"line":42,"column":50}},"6":{"start":{"line":46,"column":2},"end":{"line":46,"column":60}},"7":{"start":{"line":49,"column":22},"end":{"line":59,"column":1}},"8":{"start":{"line":50,"column":18},"end":{"line":50,"column":53}},"9":{"start":{"line":51,"column":2},"end":{"line":58,"column":9}},"10":{"start":{"line":52,"column":22},"end":{"line":52,"column":49}},"11":{"start":{"line":53,"column":4},"end":{"line":53,"column":46}},"12":{"start":{"line":55,"column":4},"end":{"line":57,"column":6}},"13":{"start":{"line":56,"column":6},"end":{"line":56,"column":31}}},"fnMap":{"0":{"name":"(anonymous_0)","decl":{"start":{"line":19,"column":15},"end":{"line":19,"column":16}},"loc":{"start":{"line":19,"column":40},"end":{"line":47,"column":1}},"line":19},"1":{"name":"(anonymous_1)","decl":{"start":{"line":19,"column":40},"end":{"line":19,"column":41}},"loc":{"start":{"line":19,"column":60},"end":{"line":47,"column":1}},"line":19},"2":{"name":"(anonymous_2)","decl":{"start":{"line":29,"column":4},"end":{"line":29,"column":5}},"loc":{"start":{"line":29,"column":32},"end":{"line":35,"column":5}},"line":29},"3":{"name":"(anonymous_3)","decl":{"start":{"line":37,"column":4},"end":{"line":37,"column":5}},"loc":{"start":{"line":37,"column":27},"end":{"line":39,"column":5}},"line":37},"4":{"name":"(anonymous_4)","decl":{"start":{"line":41,"column":4},"end":{"line":41,"column":5}},"loc":{"start":{"line":41,"column":13},"end":{"line":43,"column":5}},"line":41},"5":{"name":"(anonymous_5)","decl":{"start":{"line":49,"column":22},"end":{"line":49,"column":23}},"loc":{"start":{"line":49,"column":47},"end":{"line":59,"column":1}},"line":49},"6":{"name":"(anonymous_6)","decl":{"start":{"line":51,"column":18},"end":{"line":51,"column":19}},"loc":{"start":{"line":51,"column":24},"end":{"line":58,"column":3}},"line":51},"7":{"name":"(anonymous_7)","decl":{"start":{"line":55,"column":11},"end":{"line":55,"column":12}},"loc":{"start":{"line":55,"column":17},"end":{"line":57,"column":5}},"line":55}},"branchMap":{"0":{"loc":{"start":{"line":25,"column":37},"end":{"line":27,"column":17}},"type":"binary-expr","locations":[{"start":{"line":25,"column":37},"end":{"line":25,"column":65}},{"start":{"line":26,"column":6},"end":{"line":26,"column":27}},{"start":{"line":27,"column":6},"end":{"line":27,"column":17}}],"line":25}},"s":{"0":0,"1":0,"2":0,"3":0,"4":0,"5":0,"6":0,"7":0,"8":0,"9":0,"10":0,"11":0,"12":0,"13":0},"f":{"0":0,"1":0,"2":0,"3":0,"4":0,"5":0,"6":0,"7":0},"b":{"0":[0,0,0]}}
,"/Users/akshit/Documents/github/advisor-panel/app/utils/loadable.js": {"path":"/Users/akshit/Documents/github/advisor-panel/app/utils/loadable.js","statementMap":{"0":{"start":{"line":3,"column":17},"end":{"line":11,"column":1}},"1":{"start":{"line":4,"column":24},"end":{"line":4,"column":40}},"2":{"start":{"line":6,"column":2},"end":{"line":10,"column":4}},"3":{"start":{"line":7,"column":4},"end":{"line":9,"column":15}}},"fnMap":{"0":{"name":"(anonymous_0)","decl":{"start":{"line":3,"column":17},"end":{"line":3,"column":18}},"loc":{"start":{"line":3,"column":75},"end":{"line":11,"column":1}},"line":3},"1":{"name":"(anonymous_1)","decl":{"start":{"line":6,"column":9},"end":{"line":6,"column":10}},"loc":{"start":{"line":7,"column":4},"end":{"line":9,"column":15}},"line":7}},"branchMap":{"0":{"loc":{"start":{"line":3,"column":30},"end":{"line":3,"column":70}},"type":"default-arg","locations":[{"start":{"line":3,"column":52},"end":{"line":3,"column":70}}],"line":3},"1":{"loc":{"start":{"line":3,"column":32},"end":{"line":3,"column":47}},"type":"default-arg","locations":[{"start":{"line":3,"column":43},"end":{"line":3,"column":47}}],"line":3}},"s":{"0":0,"1":0,"2":0,"3":0},"f":{"0":0,"1":0},"b":{"0":[0],"1":[0]}}
,"/Users/akshit/Documents/github/advisor-panel/app/utils/reducerInjectors.js": {"path":"/Users/akshit/Documents/github/advisor-panel/app/utils/reducerInjectors.js","statementMap":{"0":{"start":{"line":8,"column":2},"end":{"line":25,"column":4}},"1":{"start":{"line":9,"column":4},"end":{"line":9,"column":36}},"2":{"start":{"line":9,"column":18},"end":{"line":9,"column":36}},"3":{"start":{"line":11,"column":4},"end":{"line":14,"column":6}},"4":{"start":{"line":17,"column":4},"end":{"line":21,"column":13}},"5":{"start":{"line":21,"column":6},"end":{"line":21,"column":13}},"6":{"start":{"line":23,"column":4},"end":{"line":23,"column":42}},"7":{"start":{"line":24,"column":4},"end":{"line":24,"column":64}},"8":{"start":{"line":29,"column":2},"end":{"line":29,"column":20}},"9":{"start":{"line":31,"column":2},"end":{"line":33,"column":4}}},"fnMap":{"0":{"name":"injectReducerFactory","decl":{"start":{"line":7,"column":16},"end":{"line":7,"column":36}},"loc":{"start":{"line":7,"column":53},"end":{"line":26,"column":1}},"line":7},"1":{"name":"injectReducer","decl":{"start":{"line":8,"column":18},"end":{"line":8,"column":31}},"loc":{"start":{"line":8,"column":46},"end":{"line":25,"column":3}},"line":8},"2":{"name":"getInjectors","decl":{"start":{"line":28,"column":24},"end":{"line":28,"column":36}},"loc":{"start":{"line":28,"column":44},"end":{"line":34,"column":1}},"line":28}},"branchMap":{"0":{"loc":{"start":{"line":9,"column":4},"end":{"line":9,"column":36}},"type":"if","locations":[{"start":{"line":9,"column":4},"end":{"line":9,"column":36}},{"start":{"line":9,"column":4},"end":{"line":9,"column":36}}],"line":9},"1":{"loc":{"start":{"line":12,"column":6},"end":{"line":12,"column":59}},"type":"binary-expr","locations":[{"start":{"line":12,"column":6},"end":{"line":12,"column":19}},{"start":{"line":12,"column":23},"end":{"line":12,"column":36}},{"start":{"line":12,"column":40},"end":{"line":12,"column":59}}],"line":12},"2":{"loc":{"start":{"line":17,"column":4},"end":{"line":21,"column":13}},"type":"if","locations":[{"start":{"line":17,"column":4},"end":{"line":21,"column":13}},{"start":{"line":17,"column":4},"end":{"line":21,"column":13}}],"line":17},"3":{"loc":{"start":{"line":18,"column":6},"end":{"line":19,"column":45}},"type":"binary-expr","locations":[{"start":{"line":18,"column":6},"end":{"line":18,"column":46}},{"start":{"line":19,"column":6},"end":{"line":19,"column":45}}],"line":18}},"s":{"0":0,"1":0,"2":0,"3":0,"4":0,"5":0,"6":0,"7":0,"8":0,"9":0},"f":{"0":0,"1":0,"2":0},"b":{"0":[0,0],"1":[0,0,0],"2":[0,0],"3":[0,0]}}
,"/Users/akshit/Documents/github/advisor-panel/app/utils/sagaInjectors.js": {"path":"/Users/akshit/Documents/github/advisor-panel/app/utils/sagaInjectors.js","statementMap":{"0":{"start":{"line":7,"column":21},"end":{"line":7,"column":68}},"1":{"start":{"line":9,"column":17},"end":{"line":13,"column":3}},"2":{"start":{"line":10,"column":2},"end":{"line":13,"column":3}},"3":{"start":{"line":15,"column":24},"end":{"line":24,"column":1}},"4":{"start":{"line":16,"column":16},"end":{"line":19,"column":3}},"5":{"start":{"line":18,"column":18},"end":{"line":18,"column":63}},"6":{"start":{"line":20,"column":2},"end":{"line":23,"column":4}},"7":{"start":{"line":27,"column":2},"end":{"line":61,"column":4}},"8":{"start":{"line":28,"column":4},"end":{"line":28,"column":36}},"9":{"start":{"line":28,"column":18},"end":{"line":28,"column":36}},"10":{"start":{"line":30,"column":26},"end":{"line":33,"column":5}},"11":{"start":{"line":34,"column":27},"end":{"line":34,"column":40}},"12":{"start":{"line":36,"column":4},"end":{"line":36,"column":18}},"13":{"start":{"line":37,"column":4},"end":{"line":37,"column":35}},"14":{"start":{"line":39,"column":18},"end":{"line":39,"column":55}},"15":{"start":{"line":41,"column":4},"end":{"line":48,"column":5}},"16":{"start":{"line":42,"column":28},"end":{"line":42,"column":52}},"17":{"start":{"line":44,"column":6},"end":{"line":47,"column":7}},"18":{"start":{"line":45,"column":8},"end":{"line":45,"column":36}},"19":{"start":{"line":46,"column":8},"end":{"line":46,"column":24}},"20":{"start":{"line":50,"column":4},"end":{"line":60,"column":5}},"21":{"start":{"line":55,"column":6},"end":{"line":58,"column":8}},"22":{"start":{"line":65,"column":2},"end":{"line":81,"column":4}},"23":{"start":{"line":66,"column":4},"end":{"line":66,"column":36}},"24":{"start":{"line":66,"column":18},"end":{"line":66,"column":36}},"25":{"start":{"line":68,"column":4},"end":{"line":68,"column":18}},"26":{"start":{"line":70,"column":4},"end":{"line":80,"column":5}},"27":{"start":{"line":71,"column":25},"end":{"line":71,"column":49}},"28":{"start":{"line":72,"column":6},"end":{"line":79,"column":7}},"29":{"start":{"line":73,"column":8},"end":{"line":73,"column":33}},"30":{"start":{"line":75,"column":8},"end":{"line":78,"column":9}},"31":{"start":{"line":77,"column":10},"end":{"line":77,"column":44}},"32":{"start":{"line":85,"column":2},"end":{"line":85,"column":20}},"33":{"start":{"line":87,"column":2},"end":{"line":90,"column":4}}},"fnMap":{"0":{"name":"(anonymous_0)","decl":{"start":{"line":9,"column":17},"end":{"line":9,"column":18}},"loc":{"start":{"line":10,"column":2},"end":{"line":13,"column":3}},"line":10},"1":{"name":"(anonymous_1)","decl":{"start":{"line":15,"column":24},"end":{"line":15,"column":25}},"loc":{"start":{"line":15,"column":38},"end":{"line":24,"column":1}},"line":15},"2":{"name":"(anonymous_2)","decl":{"start":{"line":18,"column":10},"end":{"line":18,"column":11}},"loc":{"start":{"line":18,"column":18},"end":{"line":18,"column":63}},"line":18},"3":{"name":"injectSagaFactory","decl":{"start":{"line":26,"column":16},"end":{"line":26,"column":33}},"loc":{"start":{"line":26,"column":50},"end":{"line":62,"column":1}},"line":26},"4":{"name":"injectSaga","decl":{"start":{"line":27,"column":18},"end":{"line":27,"column":28}},"loc":{"start":{"line":27,"column":57},"end":{"line":61,"column":3}},"line":27},"5":{"name":"ejectSagaFactory","decl":{"start":{"line":64,"column":16},"end":{"line":64,"column":32}},"loc":{"start":{"line":64,"column":49},"end":{"line":82,"column":1}},"line":64},"6":{"name":"ejectSaga","decl":{"start":{"line":65,"column":18},"end":{"line":65,"column":27}},"loc":{"start":{"line":65,"column":33},"end":{"line":81,"column":3}},"line":65},"7":{"name":"getInjectors","decl":{"start":{"line":84,"column":24},"end":{"line":84,"column":36}},"loc":{"start":{"line":84,"column":44},"end":{"line":91,"column":1}},"line":84}},"branchMap":{"0":{"loc":{"start":{"line":11,"column":4},"end":{"line":11,"column":34}},"type":"binary-expr","locations":[{"start":{"line":11,"column":4},"end":{"line":11,"column":17}},{"start":{"line":11,"column":21},"end":{"line":11,"column":34}}],"line":11},"1":{"loc":{"start":{"line":18,"column":18},"end":{"line":18,"column":63}},"type":"binary-expr","locations":[{"start":{"line":18,"column":18},"end":{"line":18,"column":32}},{"start":{"line":18,"column":36},"end":{"line":18,"column":63}}],"line":18},"2":{"loc":{"start":{"line":27,"column":34},"end":{"line":27,"column":49}},"type":"default-arg","locations":[{"start":{"line":27,"column":47},"end":{"line":27,"column":49}}],"line":27},"3":{"loc":{"start":{"line":28,"column":4},"end":{"line":28,"column":36}},"type":"if","locations":[{"start":{"line":28,"column":4},"end":{"line":28,"column":36}},{"start":{"line":28,"column":4},"end":{"line":28,"column":36}}],"line":28},"4":{"loc":{"start":{"line":32,"column":12},"end":{"line":32,"column":37}},"type":"binary-expr","locations":[{"start":{"line":32,"column":12},"end":{"line":32,"column":27}},{"start":{"line":32,"column":31},"end":{"line":32,"column":37}}],"line":32},"5":{"loc":{"start":{"line":41,"column":4},"end":{"line":48,"column":5}},"type":"if","locations":[{"start":{"line":41,"column":4},"end":{"line":48,"column":5}},{"start":{"line":41,"column":4},"end":{"line":48,"column":5}}],"line":41},"6":{"loc":{"start":{"line":44,"column":6},"end":{"line":47,"column":7}},"type":"if","locations":[{"start":{"line":44,"column":6},"end":{"line":47,"column":7}},{"start":{"line":44,"column":6},"end":{"line":47,"column":7}}],"line":44},"7":{"loc":{"start":{"line":44,"column":10},"end":{"line":44,"column":48}},"type":"binary-expr","locations":[{"start":{"line":44,"column":10},"end":{"line":44,"column":17}},{"start":{"line":44,"column":21},"end":{"line":44,"column":48}}],"line":44},"8":{"loc":{"start":{"line":50,"column":4},"end":{"line":60,"column":5}},"type":"if","locations":[{"start":{"line":50,"column":4},"end":{"line":60,"column":5}},{"start":{"line":50,"column":4},"end":{"line":60,"column":5}}],"line":50},"9":{"loc":{"start":{"line":51,"column":6},"end":{"line":52,"column":64}},"type":"binary-expr","locations":[{"start":{"line":51,"column":6},"end":{"line":51,"column":14}},{"start":{"line":52,"column":7},"end":{"line":52,"column":14}},{"start":{"line":52,"column":18},"end":{"line":52,"column":33}},{"start":{"line":52,"column":37},"end":{"line":52,"column":63}}],"line":51},"10":{"loc":{"start":{"line":66,"column":4},"end":{"line":66,"column":36}},"type":"if","locations":[{"start":{"line":66,"column":4},"end":{"line":66,"column":36}},{"start":{"line":66,"column":4},"end":{"line":66,"column":36}}],"line":66},"11":{"loc":{"start":{"line":70,"column":4},"end":{"line":80,"column":5}},"type":"if","locations":[{"start":{"line":70,"column":4},"end":{"line":80,"column":5}},{"start":{"line":70,"column":4},"end":{"line":80,"column":5}}],"line":70},"12":{"loc":{"start":{"line":72,"column":6},"end":{"line":79,"column":7}},"type":"if","locations":[{"start":{"line":72,"column":6},"end":{"line":79,"column":7}},{"start":{"line":72,"column":6},"end":{"line":79,"column":7}}],"line":72},"13":{"loc":{"start":{"line":72,"column":10},"end":{"line":72,"column":55}},"type":"binary-expr","locations":[{"start":{"line":72,"column":10},"end":{"line":72,"column":25}},{"start":{"line":72,"column":29},"end":{"line":72,"column":55}}],"line":72},"14":{"loc":{"start":{"line":75,"column":8},"end":{"line":78,"column":9}},"type":"if","locations":[{"start":{"line":75,"column":8},"end":{"line":78,"column":9}},{"start":{"line":75,"column":8},"end":{"line":78,"column":9}}],"line":75}},"s":{"0":0,"1":0,"2":0,"3":0,"4":0,"5":0,"6":0,"7":0,"8":0,"9":0,"10":0,"11":0,"12":0,"13":0,"14":0,"15":0,"16":0,"17":0,"18":0,"19":0,"20":0,"21":0,"22":0,"23":0,"24":0,"25":0,"26":0,"27":0,"28":0,"29":0,"30":0,"31":0,"32":0,"33":0},"f":{"0":0,"1":0,"2":0,"3":0,"4":0,"5":0,"6":0,"7":0},"b":{"0":[0,0],"1":[0,0],"2":[0],"3":[0,0],"4":[0,0],"5":[0,0],"6":[0,0],"7":[0,0],"8":[0,0],"9":[0,0,0,0],"10":[0,0],"11":[0,0],"12":[0,0],"13":[0,0],"14":[0,0]}}
}
