TN:
SF:/Users/akshit/Documents/github/advisor-panel/app/configureStore.js
FN:10,configureStore
FNF:1
FNH:0
FNDA:0,configureStore
DA:11,0
DA:12,0
DA:30,0
DA:35,0
DA:37,0
DA:39,0
DA:46,0
DA:47,0
DA:48,0
DA:58,0
LF:10
LH:0
BRDA:10,0,0,0
BRF:1
BRH:0
end_of_record
TN:
SF:/Users/akshit/Documents/github/advisor-panel/app/i18n.js
FN:24,(anonymous_0)
FN:29,(anonymous_1)
FNF:2
FNH:0
FNDA:0,(anonymous_0)
FNDA:0,(anonymous_1)
DA:10,0
DA:11,0
DA:13,0
DA:15,0
DA:17,0
DA:20,0
DA:24,0
DA:26,0
DA:29,0
DA:31,0
DA:34,0
DA:36,0
DA:39,0
DA:43,0
DA:44,0
DA:45,0
DA:46,0
LF:17
LH:0
BRDA:26,0,0,0
BRDA:26,0,1,0
BRDA:31,1,0,0
BRDA:31,1,1,0
BRDA:31,2,0,0
BRDA:31,2,1,0
BRF:6
BRH:0
end_of_record
TN:
SF:/Users/akshit/Documents/github/advisor-panel/app/reducers.js
FN:14,createReducer
FNF:1
FNH:0
FNDA:0,createReducer
DA:15,0
DA:21,0
LF:2
LH:0
BRDA:14,0,0,0
BRF:1
BRH:0
end_of_record
TN:
SF:/Users/akshit/Documents/github/advisor-panel/app/components/atoms/index.js
FNF:0
FNH:0
LF:0
LH:0
BRF:0
BRH:0
end_of_record
TN:
SF:/Users/akshit/Documents/github/advisor-panel/app/components/atoms/Heading/Heading.jsx
FN:5,(anonymous_0)
FNF:1
FNH:0
FNDA:0,(anonymous_0)
DA:5,0
DA:7,0
DA:8,0
DA:9,0
DA:10,0
DA:12,0
DA:14,0
DA:16,0
DA:18,0
DA:20,0
DA:22,0
DA:24,0
DA:28,0
LF:13
LH:0
BRDA:7,0,0,0
BRDA:7,0,1,0
BRDA:8,1,0,0
BRDA:8,1,1,0
BRDA:10,2,0,0
BRDA:10,2,1,0
BRDA:10,2,2,0
BRDA:10,2,3,0
BRDA:10,2,4,0
BRDA:10,2,5,0
BRDA:10,2,6,0
BRF:11
BRH:0
end_of_record
TN:
SF:/Users/akshit/Documents/github/advisor-panel/app/components/atoms/Heading/index.js
FNF:0
FNH:0
LF:0
LH:0
BRF:0
BRH:0
end_of_record
TN:
SF:/Users/akshit/Documents/github/advisor-panel/app/components/atoms/Paragraph/Paragraph.jsx
FN:5,Paragraph
FNF:1
FNH:0
FNDA:0,Paragraph
DA:6,0
DA:9,0
LF:2
LH:0
BRF:0
BRH:0
end_of_record
TN:
SF:/Users/akshit/Documents/github/advisor-panel/app/components/atoms/Paragraph/index.js
FNF:0
FNH:0
LF:0
LH:0
BRF:0
BRH:0
end_of_record
TN:
SF:/Users/akshit/Documents/github/advisor-panel/app/components/atoms/baselink/baselink.jsx
FN:5,(anonymous_0)
FNF:1
FNH:1
FNDA:4,(anonymous_0)
DA:5,1
DA:6,4
DA:7,4
DA:8,4
DA:9,4
DA:10,4
DA:29,4
LF:7
LH:7
BRDA:6,0,0,1
BRDA:6,0,1,3
BRDA:7,1,0,1
BRDA:7,1,1,3
BRDA:8,2,0,4
BRDA:8,2,1,3
BRDA:9,3,0,4
BRDA:9,3,1,2
BRDA:10,4,0,0
BRDA:10,4,1,4
BRF:10
BRH:9
end_of_record
TN:
SF:/Users/akshit/Documents/github/advisor-panel/app/components/atoms/baselink/index.js
FNF:0
FNH:0
LF:0
LH:0
BRF:0
BRH:0
end_of_record
TN:
SF:/Users/akshit/Documents/github/advisor-panel/app/components/molecules/index.js
FNF:0
FNH:0
LF:0
LH:0
BRF:0
BRH:0
end_of_record
TN:
SF:/Users/akshit/Documents/github/advisor-panel/app/components/molecules/Button/Button.jsx
FN:9,(anonymous_0)
FNF:1
FNH:0
FNDA:0,(anonymous_0)
DA:9,0
DA:23,0
DA:25,0
DA:26,0
DA:43,0
DA:45,0
DA:52,0
DA:79,0
LF:8
LH:0
BRDA:25,0,0,0
BRDA:25,0,1,0
BRDA:25,1,0,0
BRDA:25,1,1,0
BRDA:25,1,2,0
BRDA:30,2,0,0
BRDA:30,2,1,0
BRDA:31,3,0,0
BRDA:31,3,1,0
BRDA:33,4,0,0
BRDA:33,4,1,0
BRDA:35,5,0,0
BRDA:35,5,1,0
BRDA:45,6,0,0
BRDA:45,6,1,0
BRDA:45,7,0,0
BRDA:45,7,1,0
BRDA:46,8,0,0
BRDA:46,8,1,0
BRDA:47,9,0,0
BRDA:47,9,1,0
BRDA:48,10,0,0
BRDA:48,10,1,0
BRDA:49,11,0,0
BRDA:49,11,1,0
BRDA:50,12,0,0
BRDA:50,12,1,0
BRDA:52,13,0,0
BRDA:52,13,1,0
BRDA:55,14,0,0
BRDA:55,14,1,0
BRDA:68,15,0,0
BRDA:68,15,1,0
BRF:33
BRH:0
end_of_record
TN:
SF:/Users/akshit/Documents/github/advisor-panel/app/components/molecules/Button/index.js
FNF:0
FNH:0
LF:0
LH:0
BRF:0
BRH:0
end_of_record
TN:
SF:/Users/akshit/Documents/github/advisor-panel/app/containers/App/constants.js
FNF:0
FNH:0
LF:0
LH:0
BRF:0
BRH:0
end_of_record
TN:
SF:/Users/akshit/Documents/github/advisor-panel/app/containers/App/index.js
FN:18,App
FNF:1
FNH:0
FNDA:0,App
DA:19,0
LF:1
LH:0
BRF:0
BRH:0
end_of_record
TN:
SF:/Users/akshit/Documents/github/advisor-panel/app/containers/App/selectors.js
FN:3,(anonymous_0)
FN:5,(anonymous_1)
FN:8,(anonymous_2)
FNF:3
FNH:0
FNDA:0,(anonymous_0)
FNDA:0,(anonymous_1)
FNDA:0,(anonymous_2)
DA:3,0
DA:5,0
DA:6,0
DA:8,0
LF:4
LH:0
BRF:0
BRH:0
end_of_record
TN:
SF:/Users/akshit/Documents/github/advisor-panel/app/containers/HomePage/index.js
FN:16,HomePage
FN:18,(anonymous_1)
FNF:2
FNH:0
FNDA:0,HomePage
FNDA:0,(anonymous_1)
DA:17,0
DA:18,0
DA:19,0
DA:21,0
LF:4
LH:0
BRF:0
BRH:0
end_of_record
TN:
SF:/Users/akshit/Documents/github/advisor-panel/app/containers/HomePage/messages.js
FNF:0
FNH:0
DA:8,0
LF:1
LH:0
BRF:0
BRH:0
end_of_record
TN:
SF:/Users/akshit/Documents/github/advisor-panel/app/containers/LanguageProvider/actions.js
FN:9,changeLocale
FNF:1
FNH:0
FNDA:0,changeLocale
DA:10,0
LF:1
LH:0
BRF:0
BRH:0
end_of_record
TN:
SF:/Users/akshit/Documents/github/advisor-panel/app/containers/LanguageProvider/constants.js
FNF:0
FNH:0
DA:7,0
LF:1
LH:0
BRF:0
BRH:0
end_of_record
TN:
SF:/Users/akshit/Documents/github/advisor-panel/app/containers/LanguageProvider/index.js
FN:17,LanguageProvider
FN:37,(anonymous_1)
FN:42,mapDispatchToProps
FNF:3
FNH:0
FNDA:0,LanguageProvider
FNDA:0,(anonymous_1)
FNDA:0,mapDispatchToProps
DA:18,0
DA:29,0
DA:35,0
DA:37,0
DA:43,0
LF:5
LH:0
BRF:0
BRH:0
end_of_record
TN:
SF:/Users/akshit/Documents/github/advisor-panel/app/containers/LanguageProvider/reducer.js
FN:16,(anonymous_0)
FN:17,(anonymous_1)
FNF:2
FNH:0
FNDA:0,(anonymous_0)
FNDA:0,(anonymous_1)
DA:11,0
DA:16,0
DA:17,0
DA:18,0
DA:20,0
DA:21,0
LF:6
LH:0
BRDA:16,0,0,0
BRDA:18,1,0,0
BRF:2
BRH:0
end_of_record
TN:
SF:/Users/akshit/Documents/github/advisor-panel/app/containers/LanguageProvider/selectors.js
FN:7,(anonymous_0)
FN:13,(anonymous_1)
FN:16,(anonymous_2)
FNF:3
FNH:0
FNDA:0,(anonymous_0)
FNDA:0,(anonymous_1)
FNDA:0,(anonymous_2)
DA:7,0
DA:13,0
DA:14,0
DA:16,0
LF:4
LH:0
BRDA:7,0,0,0
BRDA:7,0,1,0
BRF:2
BRH:0
end_of_record
TN:
SF:/Users/akshit/Documents/github/advisor-panel/app/containers/NotFoundPage/index.js
FN:13,NotFound
FNF:1
FNH:0
FNDA:0,NotFound
DA:14,0
LF:1
LH:0
BRF:0
BRH:0
end_of_record
TN:
SF:/Users/akshit/Documents/github/advisor-panel/app/containers/NotFoundPage/messages.js
FNF:0
FNH:0
DA:8,0
LF:1
LH:0
BRF:0
BRH:0
end_of_record
TN:
SF:/Users/akshit/Documents/github/advisor-panel/app/utils/checkStore.js
FN:7,checkStore
FNF:1
FNH:0
FNDA:0,checkStore
DA:8,0
DA:17,0
LF:2
LH:0
BRF:0
BRH:0
end_of_record
TN:
SF:/Users/akshit/Documents/github/advisor-panel/app/utils/constants.js
FNF:0
FNH:0
DA:1,0
DA:2,0
DA:3,0
LF:3
LH:0
BRF:0
BRH:0
end_of_record
TN:
SF:/Users/akshit/Documents/github/advisor-panel/app/utils/history.js
FNF:0
FNH:0
DA:2,0
LF:1
LH:0
BRF:0
BRH:0
end_of_record
TN:
SF:/Users/akshit/Documents/github/advisor-panel/app/utils/injectReducer.js
FN:14,(anonymous_0)
FN:14,(anonymous_1)
FN:24,(anonymous_2)
FN:30,(anonymous_3)
FN:38,(anonymous_4)
FN:40,(anonymous_5)
FNF:6
FNH:0
FNDA:0,(anonymous_0)
FNDA:0,(anonymous_1)
FNDA:0,(anonymous_2)
FNDA:0,(anonymous_3)
FNDA:0,(anonymous_4)
FNDA:0,(anonymous_5)
DA:14,0
DA:25,0
DA:27,0
DA:31,0
DA:35,0
DA:38,0
DA:39,0
DA:40,0
DA:41,0
LF:9
LH:0
BRDA:20,0,0,0
BRDA:20,0,1,0
BRDA:20,0,2,0
BRF:3
BRH:0
end_of_record
TN:
SF:/Users/akshit/Documents/github/advisor-panel/app/utils/injectSaga.js
FN:19,(anonymous_0)
FN:19,(anonymous_1)
FN:29,(anonymous_2)
FN:37,(anonymous_3)
FN:41,(anonymous_4)
FN:49,(anonymous_5)
FN:51,(anonymous_6)
FN:55,(anonymous_7)
FNF:8
FNH:0
FNDA:0,(anonymous_0)
FNDA:0,(anonymous_1)
FNDA:0,(anonymous_2)
FNDA:0,(anonymous_3)
FNDA:0,(anonymous_4)
FNDA:0,(anonymous_5)
FNDA:0,(anonymous_6)
FNDA:0,(anonymous_7)
DA:19,0
DA:30,0
DA:32,0
DA:34,0
DA:38,0
DA:42,0
DA:46,0
DA:49,0
DA:50,0
DA:51,0
DA:52,0
DA:53,0
DA:55,0
DA:56,0
LF:14
LH:0
BRDA:25,0,0,0
BRDA:25,0,1,0
BRDA:25,0,2,0
BRF:3
BRH:0
end_of_record
TN:
SF:/Users/akshit/Documents/github/advisor-panel/app/utils/loadable.js
FN:3,(anonymous_0)
FN:6,(anonymous_1)
FNF:2
FNH:0
FNDA:0,(anonymous_0)
FNDA:0,(anonymous_1)
DA:3,0
DA:4,0
DA:6,0
DA:7,0
LF:4
LH:0
BRDA:3,0,0,0
BRDA:3,1,0,0
BRF:2
BRH:0
end_of_record
TN:
SF:/Users/akshit/Documents/github/advisor-panel/app/utils/reducerInjectors.js
FN:7,injectReducerFactory
FN:8,injectReducer
FN:28,getInjectors
FNF:3
FNH:0
FNDA:0,injectReducerFactory
FNDA:0,injectReducer
FNDA:0,getInjectors
DA:8,0
DA:9,0
DA:11,0
DA:17,0
DA:21,0
DA:23,0
DA:24,0
DA:29,0
DA:31,0
LF:9
LH:0
BRDA:9,0,0,0
BRDA:9,0,1,0
BRDA:12,1,0,0
BRDA:12,1,1,0
BRDA:12,1,2,0
BRDA:17,2,0,0
BRDA:17,2,1,0
BRDA:18,3,0,0
BRDA:18,3,1,0
BRF:9
BRH:0
end_of_record
TN:
SF:/Users/akshit/Documents/github/advisor-panel/app/utils/sagaInjectors.js
FN:9,(anonymous_0)
FN:15,(anonymous_1)
FN:18,(anonymous_2)
FN:26,injectSagaFactory
FN:27,injectSaga
FN:64,ejectSagaFactory
FN:65,ejectSaga
FN:84,getInjectors
FNF:8
FNH:0
FNDA:0,(anonymous_0)
FNDA:0,(anonymous_1)
FNDA:0,(anonymous_2)
FNDA:0,injectSagaFactory
FNDA:0,injectSaga
FNDA:0,ejectSagaFactory
FNDA:0,ejectSaga
FNDA:0,getInjectors
DA:7,0
DA:9,0
DA:10,0
DA:15,0
DA:16,0
DA:18,0
DA:20,0
DA:27,0
DA:28,0
DA:30,0
DA:34,0
DA:36,0
DA:37,0
DA:39,0
DA:41,0
DA:42,0
DA:44,0
DA:45,0
DA:46,0
DA:50,0
DA:55,0
DA:65,0
DA:66,0
DA:68,0
DA:70,0
DA:71,0
DA:72,0
DA:73,0
DA:75,0
DA:77,0
DA:85,0
DA:87,0
LF:32
LH:0
BRDA:11,0,0,0
BRDA:11,0,1,0
BRDA:18,1,0,0
BRDA:18,1,1,0
BRDA:27,2,0,0
BRDA:28,3,0,0
BRDA:28,3,1,0
BRDA:32,4,0,0
BRDA:32,4,1,0
BRDA:41,5,0,0
BRDA:41,5,1,0
BRDA:44,6,0,0
BRDA:44,6,1,0
BRDA:44,7,0,0
BRDA:44,7,1,0
BRDA:50,8,0,0
BRDA:50,8,1,0
BRDA:51,9,0,0
BRDA:51,9,1,0
BRDA:51,9,2,0
BRDA:51,9,3,0
BRDA:66,10,0,0
BRDA:66,10,1,0
BRDA:70,11,0,0
BRDA:70,11,1,0
BRDA:72,12,0,0
BRDA:72,12,1,0
BRDA:72,13,0,0
BRDA:72,13,1,0
BRDA:75,14,0,0
BRDA:75,14,1,0
BRF:31
BRH:0
end_of_record
